d:\project\musicplaybycplusplus\musicplay\musicplay\debug\vc142.pdb
d:\project\musicplaybycplusplus\musicplay\musicplay\debug\vc142.idb
d:\project\musicplaybycplusplus\musicplay\musicplay\debug\res.obj
d:\project\musicplaybycplusplus\musicplay\musicplay\debug\musicplayer.obj
d:\project\musicplaybycplusplus\musicplay\musicplay\debug\main.obj
d:\project\musicplaybycplusplus\musicplay\musicplay\debug\musicplay.ilk
d:\project\musicplaybycplusplus\musicplay\debug\musicplay.exe
d:\project\musicplaybycplusplus\musicplay\debug\musicplay.pdb
d:\project\c++\musicplaybycplusplus\musicplay\musicplay\debug\main.obj
d:\project\c++\musicplaybycplusplus\musicplay\musicplay\debug\musicplayer.obj
d:\project\c++\musicplaybycplusplus\musicplay\musicplay\debug\res.obj
d:\project\c++\musicplaybycplusplus\musicplay\musicplay\debug\musicplay.ilk
d:\project\c++\musicplaybycplusplus\musicplay\musicplay\debug\vc142.idb
d:\project\c++\musicplaybycplusplus\musicplay\musicplay\debug\vc142.pdb
d:\project\c++\musicplaybycplusplus\musicplay\debug\musicplay.pdb
d:\project\c++\musicplaybycplusplus\musicplay\debug\musicplay.exe
d:\project\c++\musicplaybycplusplus\musicplay\musicplay\debug\musicplay.tlog\cl.command.1.tlog
d:\project\c++\musicplaybycplusplus\musicplay\musicplay\debug\musicplay.tlog\cl.read.1.tlog
d:\project\c++\musicplaybycplusplus\musicplay\musicplay\debug\musicplay.tlog\cl.write.1.tlog
d:\project\c++\musicplaybycplusplus\musicplay\musicplay\debug\musicplay.tlog\link.command.1.tlog
d:\project\c++\musicplaybycplusplus\musicplay\musicplay\debug\musicplay.tlog\link.read.1.tlog
d:\project\c++\musicplaybycplusplus\musicplay\musicplay\debug\musicplay.tlog\link.write.1.tlog
